<?xml version="1.0" encoding="UTF-8" standalone="yes"?>
<ns2:test-suite start="1469429363399" stop="1469429509508" version="1.4.16" xmlns:ns2="urn:model.allure.qatools.yandex.ru">
    <name>Default Suite : kirimo</name>
    <title>Default Suite : kirimo</title>
    <test-cases>
        <test-case start="1469429384255" stop="1469429435524" status="passed">
            <name>login</name>
            <steps/>
            <attachments/>
            <labels>
                <label name="host" value="Ogilvys-MacBook-Pro-2.local"/>
                <label name="thread" value="6132@Ogilvys-MacBook-Pro-2.local.main(1)"/>
            </labels>
        </test-case>
        <test-case start="1469429435698" stop="1469429502794" status="broken">
            <name>logout</name>
            <failure>
                <message>TimeoutException: Timed out after 20 seconds waiting for visibility of element located by By.xpath: buttonDefaultPositive
Build info: version: '2.53.0', revision: '35ae25b1534ae328c771e0856c93e187490ca824', time: '2016-03-15 10:43:46'
System info: host: 'Ogilvys-MacBook-Pro-2.local', ip: '192.168.1.15', os.name: 'Mac OS X', os.arch: 'x86_64', os.version: '10.11', java.version: '1.8.0_91'
Driver info: io.appium.java_client.android.AndroidDriver
Capabilities [{app=/Users/ogilvydigital/Documents/apk/kirimo-V.1.0.apk, appPackage=com.kirimo.driver, networkConnectionEnabled=true, noReset=false, dontStopAppOnReset=true, warnings={}, appWaitPackage=com.kirimo.driver, appWaitActivity=com.kirimo.driver.SplashActivity, databaseEnabled=false, deviceName=061d21df0b2bc24b, fullReset=true, platform=LINUX, deviceUDID=061d21df0b2bc24b, appActivity=com.kirimo.driver.SplashActivity, desired={app=/Users/ogilvydigital/Documents/apk/kirimo-V.1.0.apk, appPackage=com.kirimo.driver, noReset=false, dontStopAppOnReset=true, appWaitPackage=com.kirimo.driver, appWaitActivity=com.kirimo.driver.SplashActivity, deviceName=Nexus 6P, fullReset=true, appActivity=com.kirimo.driver.SplashActivity, appium-version=1.0, platformVersion=6.0, automationName=Appium, platformName=Android}, appium-version=1.0, platformVersion=6.0.1, webStorageEnabled=false, locationContextEnabled=false, automationName=Appium, takesScreenshot=true, javascriptEnabled=true, platformName=Android}]
Session ID: ba0be3e9-05ae-437f-9f8c-122de10223b0</message>
                <stack-trace>org.openqa.selenium.TimeoutException: Timed out after 20 seconds waiting for visibility of element located by By.xpath: buttonDefaultPositive
Build info: version: '2.53.0', revision: '35ae25b1534ae328c771e0856c93e187490ca824', time: '2016-03-15 10:43:46'
System info: host: 'Ogilvys-MacBook-Pro-2.local', ip: '192.168.1.15', os.name: 'Mac OS X', os.arch: 'x86_64', os.version: '10.11', java.version: '1.8.0_91'
Driver info: io.appium.java_client.android.AndroidDriver
Capabilities [{app=/Users/ogilvydigital/Documents/apk/kirimo-V.1.0.apk, appPackage=com.kirimo.driver, networkConnectionEnabled=true, noReset=false, dontStopAppOnReset=true, warnings={}, appWaitPackage=com.kirimo.driver, appWaitActivity=com.kirimo.driver.SplashActivity, databaseEnabled=false, deviceName=061d21df0b2bc24b, fullReset=true, platform=LINUX, deviceUDID=061d21df0b2bc24b, appActivity=com.kirimo.driver.SplashActivity, desired={app=/Users/ogilvydigital/Documents/apk/kirimo-V.1.0.apk, appPackage=com.kirimo.driver, noReset=false, dontStopAppOnReset=true, appWaitPackage=com.kirimo.driver, appWaitActivity=com.kirimo.driver.SplashActivity, deviceName=Nexus 6P, fullReset=true, appActivity=com.kirimo.driver.SplashActivity, appium-version=1.0, platformVersion=6.0, automationName=Appium, platformName=Android}, appium-version=1.0, platformVersion=6.0.1, webStorageEnabled=false, locationContextEnabled=false, automationName=Appium, takesScreenshot=true, javascriptEnabled=true, platformName=Android}]
Session ID: ba0be3e9-05ae-437f-9f8c-122de10223b0
	at org.openqa.selenium.support.ui.WebDriverWait.timeoutException(WebDriverWait.java:80)
	at org.openqa.selenium.support.ui.FluentWait.until(FluentWait.java:261)
	at utilities.PagesUtility.waitVisibilityOfElement(PagesUtility.java:23)
	at utilities.PagesUtility.clickElement(PagesUtility.java:59)
	at pages.Drawer.clickOKConfirmation(Drawer.java:29)
	at TestLoginLogout.logout(TestLoginLogout.java:50)
	at sun.reflect.NativeMethodAccessorImpl.invoke0(Native Method)
	at sun.reflect.NativeMethodAccessorImpl.invoke(NativeMethodAccessorImpl.java:62)
	at sun.reflect.DelegatingMethodAccessorImpl.invoke(DelegatingMethodAccessorImpl.java:43)
	at java.lang.reflect.Method.invoke(Method.java:498)
	at org.testng.internal.MethodInvocationHelper.invokeMethod(MethodInvocationHelper.java:86)
	at org.testng.internal.Invoker.invokeMethod(Invoker.java:643)
	at org.testng.internal.Invoker.invokeTestMethod(Invoker.java:820)
	at org.testng.internal.Invoker.invokeTestMethods(Invoker.java:1128)
	at org.testng.internal.TestMethodWorker.invokeTestMethods(TestMethodWorker.java:129)
	at org.testng.internal.TestMethodWorker.run(TestMethodWorker.java:112)
	at org.testng.TestRunner.privateRun(TestRunner.java:782)
	at org.testng.TestRunner.run(TestRunner.java:632)
	at org.testng.SuiteRunner.runTest(SuiteRunner.java:366)
	at org.testng.SuiteRunner.runSequentially(SuiteRunner.java:361)
	at org.testng.SuiteRunner.privateRun(SuiteRunner.java:319)
	at org.testng.SuiteRunner.run(SuiteRunner.java:268)
	at org.testng.SuiteRunnerWorker.runSuite(SuiteRunnerWorker.java:52)
	at org.testng.SuiteRunnerWorker.run(SuiteRunnerWorker.java:86)
	at org.testng.TestNG.runSuitesSequentially(TestNG.java:1244)
	at org.testng.TestNG.runSuitesLocally(TestNG.java:1169)
	at org.testng.TestNG.run(TestNG.java:1064)
	at org.testng.IDEARemoteTestNG.run(IDEARemoteTestNG.java:74)
	at org.testng.RemoteTestNGStarter.main(RemoteTestNGStarter.java:121)
	at sun.reflect.NativeMethodAccessorImpl.invoke0(Native Method)
	at sun.reflect.NativeMethodAccessorImpl.invoke(NativeMethodAccessorImpl.java:62)
	at sun.reflect.DelegatingMethodAccessorImpl.invoke(DelegatingMethodAccessorImpl.java:43)
	at java.lang.reflect.Method.invoke(Method.java:498)
	at com.intellij.rt.execution.application.AppMain.main(AppMain.java:144)
Caused by: org.openqa.selenium.NoSuchElementException: An element could not be located on the page using the given search parameters. (WARNING: The server did not provide any stacktrace information)
Command duration or timeout: 60.58 seconds
For documentation on this error, please visit: http://seleniumhq.org/exceptions/no_such_element.html
Build info: version: '2.53.0', revision: '35ae25b1534ae328c771e0856c93e187490ca824', time: '2016-03-15 10:43:46'
System info: host: 'Ogilvys-MacBook-Pro-2.local', ip: '192.168.1.15', os.name: 'Mac OS X', os.arch: 'x86_64', os.version: '10.11', java.version: '1.8.0_91'
Driver info: io.appium.java_client.android.AndroidDriver
Capabilities [{app=/Users/ogilvydigital/Documents/apk/kirimo-V.1.0.apk, appPackage=com.kirimo.driver, networkConnectionEnabled=true, noReset=false, dontStopAppOnReset=true, warnings={}, appWaitPackage=com.kirimo.driver, appWaitActivity=com.kirimo.driver.SplashActivity, databaseEnabled=false, deviceName=061d21df0b2bc24b, fullReset=true, platform=LINUX, deviceUDID=061d21df0b2bc24b, appActivity=com.kirimo.driver.SplashActivity, desired={app=/Users/ogilvydigital/Documents/apk/kirimo-V.1.0.apk, appPackage=com.kirimo.driver, noReset=false, dontStopAppOnReset=true, appWaitPackage=com.kirimo.driver, appWaitActivity=com.kirimo.driver.SplashActivity, deviceName=Nexus 6P, fullReset=true, appActivity=com.kirimo.driver.SplashActivity, appium-version=1.0, platformVersion=6.0, automationName=Appium, platformName=Android}, appium-version=1.0, platformVersion=6.0.1, webStorageEnabled=false, locationContextEnabled=false, automationName=Appium, takesScreenshot=true, javascriptEnabled=true, platformName=Android}]
Session ID: ba0be3e9-05ae-437f-9f8c-122de10223b0
*** Element info: {Using=xpath, value=buttonDefaultPositive}
	at sun.reflect.NativeConstructorAccessorImpl.newInstance0(Native Method)
	at sun.reflect.NativeConstructorAccessorImpl.newInstance(NativeConstructorAccessorImpl.java:62)
	at sun.reflect.DelegatingConstructorAccessorImpl.newInstance(DelegatingConstructorAccessorImpl.java:45)
	at java.lang.reflect.Constructor.newInstance(Constructor.java:423)
	at org.openqa.selenium.remote.ErrorHandler.createThrowable(ErrorHandler.java:206)
	at org.openqa.selenium.remote.ErrorHandler.throwIfResponseFailed(ErrorHandler.java:158)
	at org.openqa.selenium.remote.RemoteWebDriver.execute(RemoteWebDriver.java:678)
	at io.appium.java_client.DefaultGenericMobileDriver.execute(DefaultGenericMobileDriver.java:43)
	at io.appium.java_client.AppiumDriver.execute(AppiumDriver.java:1)
	at io.appium.java_client.android.AndroidDriver.execute(AndroidDriver.java:1)
	at org.openqa.selenium.remote.RemoteWebDriver.findElement(RemoteWebDriver.java:363)
	at org.openqa.selenium.remote.RemoteWebDriver.findElementByXPath(RemoteWebDriver.java:500)
	at io.appium.java_client.DefaultGenericMobileDriver.findElementByXPath(DefaultGenericMobileDriver.java:129)
	at io.appium.java_client.AppiumDriver.findElementByXPath(AppiumDriver.java:1)
	at io.appium.java_client.android.AndroidDriver.findElementByXPath(AndroidDriver.java:1)
	at org.openqa.selenium.By$ByXPath.findElement(By.java:361)
	at org.openqa.selenium.remote.RemoteWebDriver.findElement(RemoteWebDriver.java:355)
	at io.appium.java_client.DefaultGenericMobileDriver.findElement(DefaultGenericMobileDriver.java:51)
	at io.appium.java_client.AppiumDriver.findElement(AppiumDriver.java:1)
	at io.appium.java_client.android.AndroidDriver.findElement(AndroidDriver.java:1)
	at org.openqa.selenium.support.ui.ExpectedConditions.findElement(ExpectedConditions.java:899)
	at org.openqa.selenium.support.ui.ExpectedConditions.access$000(ExpectedConditions.java:41)
	at org.openqa.selenium.support.ui.ExpectedConditions$7.apply(ExpectedConditions.java:205)
	at org.openqa.selenium.support.ui.ExpectedConditions$7.apply(ExpectedConditions.java:201)
	at org.openqa.selenium.support.ui.FluentWait.until(FluentWait.java:238)
	... 32 more
</stack-trace>
            </failure>
            <steps/>
            <attachments/>
            <labels>
                <label name="host" value="Ogilvys-MacBook-Pro-2.local"/>
                <label name="thread" value="6132@Ogilvys-MacBook-Pro-2.local.main(1)"/>
            </labels>
        </test-case>
    </test-cases>
    <labels>
        <label name="framework" value="TestNG"/>
        <label name="language" value="JAVA"/>
    </labels>
</ns2:test-suite>
